2024-06-14 06:03:03,234 INFO o.a.j.u.JMeterUtils: Setting Locale to en_EN
2024-06-14 06:03:03,251 INFO o.a.j.JMeter: Loading user properties from: D:\friends\apache-jmeter-5.6.2\bin\user.properties
2024-06-14 06:03:03,258 INFO o.a.j.JMeter: Loading system properties from: D:\friends\apache-jmeter-5.6.2\bin\system.properties
2024-06-14 06:03:03,265 INFO o.a.j.JMeter: Copyright (c) 1998-2023 The Apache Software Foundation
2024-06-14 06:03:03,265 INFO o.a.j.JMeter: Version 5.6.2
2024-06-14 06:03:03,265 INFO o.a.j.JMeter: java.version=11.0.18
2024-06-14 06:03:03,265 INFO o.a.j.JMeter: java.vm.name=Java HotSpot(TM) 64-Bit Server VM
2024-06-14 06:03:03,265 INFO o.a.j.JMeter: os.name=Windows 10
2024-06-14 06:03:03,265 INFO o.a.j.JMeter: os.arch=amd64
2024-06-14 06:03:03,265 INFO o.a.j.JMeter: os.version=10.0
2024-06-14 06:03:03,265 INFO o.a.j.JMeter: file.encoding=Cp1252
2024-06-14 06:03:03,265 INFO o.a.j.JMeter: java.awt.headless=true
2024-06-14 06:03:03,265 INFO o.a.j.JMeter: Max memory     =1073741824
2024-06-14 06:03:03,265 INFO o.a.j.JMeter: Available Processors =12
2024-06-14 06:03:03,276 INFO o.a.j.JMeter: Default Locale=English (EN)
2024-06-14 06:03:03,276 INFO o.a.j.JMeter: JMeter  Locale=English (EN)
2024-06-14 06:03:03,276 INFO o.a.j.JMeter: JMeterHome=D:\friends\apache-jmeter-5.6.2
2024-06-14 06:03:03,276 INFO o.a.j.JMeter: user.dir  =D:\friends\apache-jmeter-5.6.2\bin\Batch11\Demo-Transaction-api
2024-06-14 06:03:03,276 INFO o.a.j.JMeter: PWD       =D:\friends\apache-jmeter-5.6.2\bin\Batch11\Demo-Transaction-api
2024-06-14 06:03:03,277 INFO o.a.j.JMeter: IP: 192.168.1.13 Name: DESKTOP-FMPLG4C FullName: DESKTOP-FMPLG4C
2024-06-14 06:03:03,287 INFO o.a.j.JMeter: Setting property 'jmeter.reportgenerator.outputdir' to:'D:\friends\apache-jmeter-5.6.2\bin\Batch11\Demo-Transaction-api\Reports'
2024-06-14 06:03:03,288 INFO o.a.j.s.FileServer: Default base='D:\friends\apache-jmeter-5.6.2\bin\Batch11\Demo-Transaction-api'
2024-06-14 06:03:03,291 INFO o.a.j.s.FileServer: Set new base='D:\friends\apache-jmeter-5.6.2\bin\Batch11\Demo-Transaction-api'
2024-06-14 06:03:03,440 INFO o.a.j.s.SaveService: Testplan (JMX) version: 2.2. Testlog (JTL) version: 2.2
2024-06-14 06:03:03,468 INFO o.a.j.s.SaveService: Using SaveService properties version 5.0
2024-06-14 06:03:03,471 INFO o.a.j.s.SaveService: Using SaveService properties file encoding UTF-8
2024-06-14 06:03:03,473 INFO o.a.j.s.SaveService: Loading file: demo-transaction-api-jmeter.jmx
2024-06-14 06:03:03,548 INFO o.a.j.p.h.s.HTTPSamplerBase: Parser for text/html is org.apache.jmeter.protocol.http.parser.LagartoBasedHtmlParser
2024-06-14 06:03:03,548 INFO o.a.j.p.h.s.HTTPSamplerBase: Parser for application/xhtml+xml is org.apache.jmeter.protocol.http.parser.LagartoBasedHtmlParser
2024-06-14 06:03:03,548 INFO o.a.j.p.h.s.HTTPSamplerBase: Parser for application/xml is org.apache.jmeter.protocol.http.parser.LagartoBasedHtmlParser
2024-06-14 06:03:03,548 INFO o.a.j.p.h.s.HTTPSamplerBase: Parser for text/xml is org.apache.jmeter.protocol.http.parser.LagartoBasedHtmlParser
2024-06-14 06:03:03,548 INFO o.a.j.p.h.s.HTTPSamplerBase: Parser for text/vnd.wap.wml is org.apache.jmeter.protocol.http.parser.RegexpHTMLParser
2024-06-14 06:03:03,548 INFO o.a.j.p.h.s.HTTPSamplerBase: Parser for text/css is org.apache.jmeter.protocol.http.parser.CssParser
2024-06-14 06:03:03,582 INFO o.a.j.JMeter: Creating summariser <summary>
2024-06-14 06:03:03,585 INFO o.a.j.r.d.ReportGenerator: ReportGenerator will use for Parsing the separator: ','
2024-06-14 06:03:03,585 INFO o.a.j.r.d.ReportGenerator: Will generate report at end of test from  results file: demo-transaction-api-jmeter.jtl
2024-06-14 06:03:03,585 INFO o.a.j.r.d.ReportGenerator: Reading report generator properties from: D:\friends\apache-jmeter-5.6.2\bin\reportgenerator.properties
2024-06-14 06:03:03,604 INFO o.a.j.r.d.ReportGenerator: Merging with JMeter properties
2024-06-14 06:03:03,622 INFO o.a.j.r.c.ReportGeneratorConfiguration: Property 'jmeter.reportgenerator.temp_dir' not found, using default value 'temp' instead.
2024-06-14 06:03:03,625 INFO o.a.j.r.c.ReportGeneratorConfiguration: Property 'jmeter.reportgenerator.apdex_per_transaction' not found, using default value 'null' instead.
2024-06-14 06:03:03,625 INFO o.a.j.r.c.ReportGeneratorConfiguration: apdex_per_transaction is empty, not APDEX per transaction customization
2024-06-14 06:03:03,625 INFO o.a.j.r.c.ReportGeneratorConfiguration: Property 'jmeter.reportgenerator.sample_filter' not found, using default value 'null' instead.
2024-06-14 06:03:03,625 INFO o.a.j.r.c.ReportGeneratorConfiguration: Property 'jmeter.reportgenerator.report_title' not found, using default value 'null' instead.
2024-06-14 06:03:03,625 INFO o.a.j.r.c.ReportGeneratorConfiguration: Property 'jmeter.reportgenerator.start_date' not found, using default value 'null' instead.
2024-06-14 06:03:03,626 INFO o.a.j.r.c.ReportGeneratorConfiguration: Property 'jmeter.reportgenerator.end_date' not found, using default value 'null' instead.
2024-06-14 06:03:03,626 INFO o.a.j.r.c.ReportGeneratorConfiguration: Property 'jmeter.reportgenerator.date_format' not found, using default value 'null' instead.
2024-06-14 06:03:03,626 INFO o.a.j.r.c.ReportGeneratorConfiguration: Will use date range start date: null, end date: null
2024-06-14 06:03:03,633 INFO o.a.j.r.c.ReportGeneratorConfiguration: Property 'jmeter.reportgenerator.graph.totalTPS.exclude_controllers' not found, using default value 'false' instead.
2024-06-14 06:03:03,634 INFO o.a.j.r.c.ReportGeneratorConfiguration: Property 'jmeter.reportgenerator.graph.activeThreadsOverTime.exclude_controllers' not found, using default value 'false' instead.
2024-06-14 06:03:03,634 INFO o.a.j.r.c.ReportGeneratorConfiguration: Property 'jmeter.reportgenerator.graph.timeVsThreads.exclude_controllers' not found, using default value 'false' instead.
2024-06-14 06:03:03,634 INFO o.a.j.r.c.ReportGeneratorConfiguration: Property 'jmeter.reportgenerator.graph.responseTimeDistribution.exclude_controllers' not found, using default value 'false' instead.
2024-06-14 06:03:03,634 INFO o.a.j.r.c.ReportGeneratorConfiguration: Property 'jmeter.reportgenerator.graph.transactionsPerSecond.exclude_controllers' not found, using default value 'false' instead.
2024-06-14 06:03:03,634 INFO o.a.j.r.c.ReportGeneratorConfiguration: Property 'jmeter.reportgenerator.graph.responseTimePercentiles.exclude_controllers' not found, using default value 'false' instead.
2024-06-14 06:03:03,634 INFO o.a.j.r.c.ReportGeneratorConfiguration: Property 'jmeter.reportgenerator.graph.responseTimePercentilesOverTime.exclude_controllers' not found, using default value 'false' instead.
2024-06-14 06:03:03,634 INFO o.a.j.r.c.ReportGeneratorConfiguration: Property 'jmeter.reportgenerator.graph.responseTimesOverTime.exclude_controllers' not found, using default value 'false' instead.
2024-06-14 06:03:03,635 INFO o.a.j.r.c.ReportGeneratorConfiguration: Property 'jmeter.reportgenerator.graph.connectTimeOverTime.exclude_controllers' not found, using default value 'false' instead.
2024-06-14 06:03:03,635 INFO o.a.j.r.c.ReportGeneratorConfiguration: Property 'jmeter.reportgenerator.graph.latenciesOverTime.exclude_controllers' not found, using default value 'false' instead.
2024-06-14 06:03:03,636 INFO o.a.j.r.c.ReportGeneratorConfiguration: Property 'jmeter.reportgenerator.exporter.json.filters_only_sample_series' not found, using default value 'true' instead.
2024-06-14 06:03:03,636 INFO o.a.j.r.c.ReportGeneratorConfiguration: Property 'jmeter.reportgenerator.exporter.json.series_filter' not found, using default value '' instead.
2024-06-14 06:03:03,636 INFO o.a.j.r.c.ReportGeneratorConfiguration: Property 'jmeter.reportgenerator.exporter.json.show_controllers_only' not found, using default value 'false' instead.
2024-06-14 06:03:03,636 INFO o.a.j.r.c.ReportGeneratorConfiguration: Property 'jmeter.reportgenerator.exporter.html.filters_only_sample_series' not found, using default value 'true' instead.
2024-06-14 06:03:03,636 INFO o.a.j.r.c.ReportGeneratorConfiguration: Property 'jmeter.reportgenerator.exporter.html.series_filter' not found, using default value '' instead.
2024-06-14 06:03:03,636 INFO o.a.j.r.c.ReportGeneratorConfiguration: Property 'jmeter.reportgenerator.exporter.html.show_controllers_only' not found, using default value 'false' instead.
2024-06-14 06:03:03,652 INFO o.a.j.e.StandardJMeterEngine: Running the test!
2024-06-14 06:03:03,653 INFO o.a.j.s.SampleEvent: List of sample_variables: []
2024-06-14 06:03:03,653 INFO o.a.j.s.SampleEvent: List of sample_variables: []
2024-06-14 06:03:03,661 INFO o.a.j.e.u.CompoundVariable: Note: Function class names must contain the string: '.functions.'
2024-06-14 06:03:03,661 INFO o.a.j.e.u.CompoundVariable: Note: Function class names must not contain the string: '.gui.'
2024-06-14 06:03:03,914 INFO o.a.j.JMeter: Running test (1718323383914)
2024-06-14 06:03:03,931 INFO o.a.j.e.StandardJMeterEngine: Starting ThreadGroup: 1 : Thread Group
2024-06-14 06:03:03,931 INFO o.a.j.e.StandardJMeterEngine: Starting 1 threads for group Thread Group.
2024-06-14 06:03:03,931 INFO o.a.j.e.StandardJMeterEngine: Thread will continue on error
2024-06-14 06:03:03,931 INFO o.a.j.t.ThreadGroup: Starting thread group... number=1 threads=1 ramp-up=1 delayedStart=false
2024-06-14 06:03:03,935 INFO o.a.j.t.ThreadGroup: Started thread group number 1
2024-06-14 06:03:03,935 INFO o.a.j.e.StandardJMeterEngine: All thread groups have been started
2024-06-14 06:03:03,976 INFO o.a.j.t.JMeterThread: Thread started: Thread Group 1-1
2024-06-14 06:03:04,408 INFO o.a.j.p.h.s.HTTPHCAbstractImpl: Local host = DESKTOP-FMPLG4C
2024-06-14 06:03:04,414 INFO o.a.j.p.h.s.HTTPHC4Impl: HTTP request retry count = 0
2024-06-14 06:03:04,415 INFO o.a.j.s.SampleResult: Note: Sample TimeStamps are START times
2024-06-14 06:03:04,415 INFO o.a.j.s.SampleResult: sampleresult.default.encoding is set to UTF-8
2024-06-14 06:03:04,415 INFO o.a.j.s.SampleResult: sampleresult.useNanoTime=true
2024-06-14 06:03:04,415 INFO o.a.j.s.SampleResult: sampleresult.nanoThreadSleep=5000
2024-06-14 06:03:04,572 INFO o.a.j.r.Summariser: summary +      1 in 00:00:01 =    1.5/s Avg:    69 Min:    69 Max:    69 Err:     0 (0.00%) Active: 1 Started: 1 Finished: 0
2024-06-14 06:03:15,848 INFO o.a.j.t.JMeterThread: Thread is done: Thread Group 1-1
2024-06-14 06:03:15,848 INFO o.a.j.t.JMeterThread: Thread finished: Thread Group 1-1
2024-06-14 06:03:15,850 INFO o.a.j.e.StandardJMeterEngine: Notifying test listeners of end of test
2024-06-14 06:03:15,853 INFO o.a.j.r.Summariser: summary +      8 in 00:00:11 =    0.7/s Avg:    33 Min:    19 Max:    62 Err:     0 (0.00%) Active: 0 Started: 1 Finished: 1
2024-06-14 06:03:15,854 INFO o.a.j.r.Summariser: summary =      9 in 00:00:12 =    0.8/s Avg:    37 Min:    19 Max:    69 Err:     0 (0.00%)
2024-06-14 06:03:15,854 INFO o.a.j.JMeter: Generating Dashboard
2024-06-14 06:03:15,855 INFO o.a.j.r.d.ReportGenerator: Flushing result collector before report Generation
2024-06-14 06:03:15,949 INFO o.a.j.r.p.NormalizerSampleConsumer: Using format, 'ms', to parse timeStamp field
2024-06-14 06:03:16,106 INFO o.a.j.r.p.AbstractSampleConsumer: class org.apache.jmeter.report.processor.AggregateConsumer#stopProducing(): beginDate produced 0 samples
2024-06-14 06:03:16,106 INFO o.a.j.r.p.AbstractSampleConsumer: class org.apache.jmeter.report.processor.AggregateConsumer#stopProducing(): endDate produced 0 samples
2024-06-14 06:03:16,108 INFO o.a.j.r.p.AbstractSampleConsumer: class org.apache.jmeter.report.processor.ApdexSummaryConsumer#stopProducing(): apdexSummary produced 0 samples
2024-06-14 06:03:16,108 INFO o.a.j.r.p.AbstractSampleConsumer: class org.apache.jmeter.report.processor.RequestsSummaryConsumer#stopProducing(): requestsSummary produced 0 samples
2024-06-14 06:03:16,113 INFO o.a.j.r.p.AbstractSampleConsumer: class org.apache.jmeter.report.processor.StatisticsSummaryConsumer#stopProducing(): statisticsSummary produced 0 samples
2024-06-14 06:03:16,115 INFO o.a.j.r.p.AbstractSampleConsumer: class org.apache.jmeter.report.processor.Top5ErrorsBySamplerConsumer#stopProducing(): top5ErrorsBySampler produced 0 samples
2024-06-14 06:03:16,115 INFO o.a.j.r.p.AbstractSampleConsumer: class org.apache.jmeter.report.processor.ErrorsSummaryConsumer#stopProducing(): errorsSummary produced 0 samples
2024-06-14 06:03:16,115 INFO o.a.j.r.p.AbstractSampleConsumer: class org.apache.jmeter.report.processor.graph.impl.HitsPerSecondGraphConsumer#stopProducing(): hitsPerSecond produced 0 samples
2024-06-14 06:03:16,146 INFO o.a.j.r.p.AbstractSampleConsumer: class org.apache.jmeter.report.processor.graph.impl.LatencyVSRequestGraphConsumer#stopProducing(): latencyVsRequest produced 0 samples
2024-06-14 06:03:16,146 INFO o.a.j.r.p.AbstractSampleConsumer: class org.apache.jmeter.report.processor.graph.impl.SyntheticResponseTimeDistributionGraphConsumer#stopProducing(): syntheticResponseTimeDistribution produced 0 samples
2024-06-14 06:03:16,147 INFO o.a.j.r.p.AbstractSampleConsumer: class org.apache.jmeter.report.processor.graph.impl.BytesThroughputGraphConsumer#stopProducing(): bytesThroughputOverTime produced 0 samples
2024-06-14 06:03:16,147 INFO o.a.j.r.p.AbstractSampleConsumer: class org.apache.jmeter.report.processor.graph.impl.CodesPerSecondGraphConsumer#stopProducing(): codesPerSecond produced 0 samples
2024-06-14 06:03:16,150 INFO o.a.j.r.p.AbstractSampleConsumer: class org.apache.jmeter.report.processor.graph.impl.ResponseTimeVSRequestGraphConsumer#stopProducing(): responseTimeVsRequest produced 0 samples
2024-06-14 06:03:16,150 INFO o.a.j.r.p.AbstractSampleConsumer: class org.apache.jmeter.report.processor.FilterConsumer#stopProducing(): startIntervalControlerFilter produced 63 samples
2024-06-14 06:03:16,150 INFO o.a.j.r.p.AbstractSampleConsumer: class org.apache.jmeter.report.processor.graph.impl.TotalTPSGraphConsumer#stopProducing(): totalTPS produced 0 samples
2024-06-14 06:03:16,151 INFO o.a.j.r.p.AbstractSampleConsumer: class org.apache.jmeter.report.processor.graph.impl.ActiveThreadsGraphConsumer#stopProducing(): activeThreadsOverTime produced 0 samples
2024-06-14 06:03:16,151 INFO o.a.j.r.p.AbstractSampleConsumer: class org.apache.jmeter.report.processor.graph.impl.TimeVSThreadGraphConsumer#stopProducing(): timeVsThreads produced 0 samples
2024-06-14 06:03:16,151 INFO o.a.j.r.p.AbstractSampleConsumer: class org.apache.jmeter.report.processor.graph.impl.ResponseTimeDistributionGraphConsumer#stopProducing(): responseTimeDistribution produced 0 samples
2024-06-14 06:03:16,151 INFO o.a.j.r.p.AbstractSampleConsumer: class org.apache.jmeter.report.processor.graph.impl.TransactionsPerSecondGraphConsumer#stopProducing(): transactionsPerSecond produced 0 samples
2024-06-14 06:03:16,151 INFO o.a.j.r.p.AbstractSampleConsumer: class org.apache.jmeter.report.processor.graph.impl.ResponseTimePercentilesGraphConsumer#stopProducing(): responseTimePercentiles produced 0 samples
2024-06-14 06:03:16,153 INFO o.a.j.r.p.AbstractSampleConsumer: class org.apache.jmeter.report.processor.graph.impl.ResponseTimePercentilesOverTimeGraphConsumer#stopProducing(): responseTimePercentilesOverTime produced 0 samples
2024-06-14 06:03:16,153 INFO o.a.j.r.p.AbstractSampleConsumer: class org.apache.jmeter.report.processor.graph.impl.ResponseTimeOverTimeGraphConsumer#stopProducing(): responseTimesOverTime produced 0 samples
2024-06-14 06:03:16,153 INFO o.a.j.r.p.AbstractSampleConsumer: class org.apache.jmeter.report.processor.graph.impl.ConnectTimeOverTimeGraphConsumer#stopProducing(): connectTimeOverTime produced 0 samples
2024-06-14 06:03:16,153 INFO o.a.j.r.p.AbstractSampleConsumer: class org.apache.jmeter.report.processor.graph.impl.LatencyOverTimeGraphConsumer#stopProducing(): latenciesOverTime produced 0 samples
2024-06-14 06:03:16,154 INFO o.a.j.r.p.AbstractSampleConsumer: class org.apache.jmeter.report.processor.FilterConsumer#stopProducing(): nameFilter produced 135 samples
2024-06-14 06:03:16,154 INFO o.a.j.r.p.AbstractSampleConsumer: class org.apache.jmeter.report.processor.FilterConsumer#stopProducing(): dateRangeFilter produced 27 samples
2024-06-14 06:03:16,154 INFO o.a.j.r.p.AbstractSampleConsumer: class org.apache.jmeter.report.processor.NormalizerSampleConsumer#stopProducing(): normalizer produced 9 samples
2024-06-14 06:03:16,154 INFO o.a.j.r.p.CsvFileSampleSource: produce(): 9 samples produced in 188ms on channel 0
2024-06-14 06:03:16,154 INFO o.a.j.r.d.ReportGenerator: Exporting data using exporter:'json' of className:'org.apache.jmeter.report.dashboard.JsonExporter'
2024-06-14 06:03:16,252 INFO o.a.j.r.d.JsonExporter: Found data for consumer statisticsSummary in context
2024-06-14 06:03:16,253 INFO o.a.j.r.d.JsonExporter: Creating statistics for overall
2024-06-14 06:03:16,253 INFO o.a.j.r.d.JsonExporter: Creating statistics for other transactions
2024-06-14 06:03:16,253 INFO o.a.j.r.d.JsonExporter: Checking output folder
2024-06-14 06:03:16,254 INFO o.a.j.r.d.JsonExporter: Writing statistics JSON to D:\friends\apache-jmeter-5.6.2\bin\Batch11\Demo-Transaction-api\Reports\statistics.json
2024-06-14 06:03:16,324 INFO o.a.j.r.d.ReportGenerator: Exporting data using exporter:'html' of className:'org.apache.jmeter.report.dashboard.HtmlTemplateExporter'
2024-06-14 06:03:16,326 INFO o.a.j.r.d.HtmlTemplateExporter: Will generate dashboard in folder: D:\friends\apache-jmeter-5.6.2\bin\Batch11\Demo-Transaction-api\Reports
2024-06-14 06:03:16,477 INFO o.a.j.r.d.HtmlTemplateExporter: Report will be generated in: D:\friends\apache-jmeter-5.6.2\bin\Batch11\Demo-Transaction-api\Reports, creating folder structure
2024-06-14 06:03:16,480 INFO o.a.j.r.d.TemplateVisitor: Copying folder from 'D:\friends\apache-jmeter-5.6.2\bin\report-template' to 'D:\friends\apache-jmeter-5.6.2\bin\Batch11\Demo-Transaction-api\Reports', got message: D:\friends\apache-jmeter-5.6.2\bin\Batch11\Demo-Transaction-api\Reports, found non empty folder with following content [D:\friends\apache-jmeter-5.6.2\bin\Batch11\Demo-Transaction-api\Reports\statistics.json], will be ignored
2024-06-14 06:03:18,586 INFO o.a.j.JMeter: Dashboard generated
